<?xml version="1.0" encoding="UTF-8"?>
<!-- Generated by org.testng.reporters.JUnitReportReporter -->
<testsuite hostname="Abinash" failures="0" tests="2" name="amazon_Test.Testcase4_wishlist" time="65.115" errors="0" timestamp="2024-09-01T20:20:42 IST" skipped="1">
  <testcase classname="amazon_Test.Testcase4_wishlist" name="wishlist" time="33.396"/>
  <system-out/>
  <testcase classname="amazon_Test.Testcase4_wishlist" name="wishlist" time="31.719">
    <skipped/>
  </testcase> <!-- wishlist -->
  <system-out/>
</testsuite> <!-- amazon_Test.Testcase4_wishlist -->
