<?xml version="1.0" encoding="UTF-8"?>
<!-- Generated by org.testng.reporters.JUnitReportReporter -->
<testsuite hostname="Abinash" failures="0" tests="2" name="amazon_Test.Testcase7_addtocart" time="63.417" errors="0" timestamp="2024-09-01T20:20:42 IST" skipped="1">
  <testcase classname="amazon_Test.Testcase7_addtocart" name="cart" time="32.494"/>
  <system-out/>
  <testcase classname="amazon_Test.Testcase7_addtocart" name="cart" time="30.923">
    <skipped/>
  </testcase> <!-- cart -->
  <system-out/>
</testsuite> <!-- amazon_Test.Testcase7_addtocart -->
