<?xml version="1.0" encoding="UTF-8"?>
<!-- Generated by org.testng.reporters.JUnitReportReporter -->
<testsuite hostname="Abinash" failures="0" tests="1" name="testlistener_program.Program2_amazonsearch_listener" time="24.306" errors="0" timestamp="2024-08-27T09:25:43 IST" skipped="0">
  <testcase classname="testlistener_program.Program2_amazonsearch_listener" name="amazon_launch" time="24.306"/>
  <system-out>
    <![CDATA[Testcase is pass]]>
  </system-out>
</testsuite> <!-- testlistener_program.Program2_amazonsearch_listener -->
