<?xml version="1.0" encoding="UTF-8"?>
<!-- Generated by org.testng.reporters.JUnitReportReporter -->
<testsuite hostname="Abinash" failures="0" tests="1" name="amazon_Test.Testcase1_login" time="21.996" errors="0" timestamp="2024-09-01T20:20:42 IST" skipped="0">
  <testcase classname="amazon_Test.Testcase1_login" name="login_to_amazon" time="21.996"/>
  <system-out/>
</testsuite> <!-- amazon_Test.Testcase1_login -->
