<?xml version="1.0" encoding="UTF-8"?>
<!-- Generated by org.testng.reporters.JUnitReportReporter -->
<testsuite hostname="Abinash" failures="0" tests="1" name="mavan_selenium_package.maven_selenium_project.Broken_links_amazon" time="146.568" errors="0" timestamp="2024-08-31T23:27:55 IST" skipped="0">
  <testcase classname="mavan_selenium_package.maven_selenium_project.Broken_links_amazon" name="amazon_link" time="146.568"/>
  <system-out/>
</testsuite> <!-- mavan_selenium_package.maven_selenium_project.Broken_links_amazon -->
