<?xml version="1.0" encoding="UTF-8"?>
<!-- Generated by org.testng.reporters.JUnitReportReporter -->
<testsuite hostname="Abinash" failures="0" tests="1" name="mavan_selenium_package.maven_selenium_project.Scrollingdown_amazon" time="30.716" errors="0" timestamp="2024-08-31T22:48:55 IST" skipped="0">
  <testcase classname="mavan_selenium_package.maven_selenium_project.Scrollingdown_amazon" name="scrolling_concept" time="30.716"/>
  <system-out/>
</testsuite> <!-- mavan_selenium_package.maven_selenium_project.Scrollingdown_amazon -->
