<?xml version="1.0" encoding="UTF-8"?>
<!-- Generated by org.testng.reporters.JUnitReportReporter -->
<testsuite hostname="Abinash" failures="0" tests="1" name="Amazon_Tshirt.Amazon_selectlanguage" time="20.216" errors="0" timestamp="2024-08-25T09:48:39 IST" skipped="0">
  <testcase classname="Amazon_Tshirt.Amazon_selectlanguage" name="changelanguage" time="20.216"/>
  <system-out/>
</testsuite> <!-- Amazon_Tshirt.Amazon_selectlanguage -->
