<?xml version="1.0" encoding="UTF-8"?>
<!-- Generated by org.testng.reporters.JUnitReportReporter -->
<testsuite hostname="Abinash" failures="0" tests="1" name="Amazon_Tshirt.flipkart_myprofile" time="10.033" errors="0" timestamp="2024-08-25T00:20:13 IST" skipped="0">
  <testcase classname="Amazon_Tshirt.flipkart_myprofile" name="myprofile" time="10.033"/>
  <system-out/>
</testsuite> <!-- Amazon_Tshirt.flipkart_myprofile -->
