<?xml version="1.0" encoding="UTF-8"?>
<!-- Generated by org.testng.reporters.JUnitReportReporter -->
<testsuite hostname="Abinash" failures="0" tests="1" name="mavan_selenium_package.maven_selenium_project.Broken_links_Googleapp" time="29.470" errors="0" timestamp="2024-08-31T23:15:37 IST" skipped="0">
  <testcase classname="mavan_selenium_package.maven_selenium_project.Broken_links_Googleapp" name="Print_links" time="29.470"/>
  <system-out/>
</testsuite> <!-- mavan_selenium_package.maven_selenium_project.Broken_links_Googleapp -->
