<?xml version="1.0" encoding="UTF-8"?>
<!-- Generated by org.testng.reporters.JUnitReportReporter -->
<testsuite hostname="Abinash" failures="0" tests="3" name="amazon_Test.testcase3_registration" time="76.073" errors="0" timestamp="2024-09-01T20:20:42 IST" skipped="2">
  <testcase classname="amazon_Test.testcase3_registration" name="login_to_amazon" time="19.028"/>
  <system-out/>
  <testcase classname="amazon_Test.testcase3_registration" name="login_to_amazon" time="28.693">
    <skipped/>
  </testcase> <!-- login_to_amazon -->
  <system-out/>
  <testcase classname="amazon_Test.testcase3_registration" name="login_to_amazon" time="28.352">
    <skipped/>
  </testcase> <!-- login_to_amazon -->
  <system-out/>
</testsuite> <!-- amazon_Test.testcase3_registration -->
