<?xml version="1.0" encoding="UTF-8"?>
<!-- Generated by org.testng.reporters.JUnitReportReporter -->
<testsuite hostname="Abinash" failures="0" tests="1" name="amazon_Test.Testcase2_search" time="20.039" errors="0" timestamp="2024-09-01T22:29:33 IST" skipped="0">
  <testcase classname="amazon_Test.Testcase2_search" name="login_to_amazon" time="20.039">
    <system-out>
      <![CDATA[Testcase is pass]]>
    </system-out>
  </testcase> <!-- login_to_amazon -->
  <system-out>
    <![CDATA[Testcase is pass
Testcase is pass
Testcase is pass
Testcase is fail
Testcase is pass]]>
  </system-out>
</testsuite> <!-- amazon_Test.Testcase2_search -->
