<?xml version="1.0" encoding="UTF-8"?>
<!-- Generated by org.testng.reporters.JUnitReportReporter -->
<testsuite hostname="Abinash" failures="0" tests="2" name="amazon_Test.testcase3_registration" time="51.343" errors="0" timestamp="2024-09-01T22:29:33 IST" skipped="1">
  <testcase classname="amazon_Test.testcase3_registration" name="login_to_amazon" time="20.180">
    <system-out>
      <![CDATA[Testcase is pass]]>
    </system-out>
  </testcase> <!-- login_to_amazon -->
  <testcase classname="amazon_Test.testcase3_registration" name="login_to_amazon" time="31.163">
    <skipped/>
  </testcase> <!-- login_to_amazon -->
  <system-out>
    <![CDATA[Testcase is pass
Testcase is pass
Testcase is pass
Testcase is fail
Testcase is pass]]>
  </system-out>
</testsuite> <!-- amazon_Test.testcase3_registration -->
