<?xml version="1.0" encoding="UTF-8"?>
<!-- Generated by org.testng.reporters.JUnitReportReporter -->
<testsuite hostname="Abinash" failures="0" tests="3" name="amazon_Test.Testcase4_wishlist" time="101.970" errors="0" timestamp="2024-09-01T22:29:33 IST" skipped="2">
  <testcase classname="amazon_Test.Testcase4_wishlist" name="wishlist" time="29.363">
    <system-out>
      <![CDATA[Testcase is pass]]>
    </system-out>
  </testcase> <!-- wishlist -->
  <testcase classname="amazon_Test.Testcase4_wishlist" name="wishlist" time="42.581">
    <skipped/>
  </testcase> <!-- wishlist -->
  <testcase classname="amazon_Test.Testcase4_wishlist" name="wishlist" time="30.026">
    <skipped/>
  </testcase> <!-- wishlist -->
  <system-out>
    <![CDATA[Testcase is pass
Testcase is pass
Testcase is pass
Testcase is fail
Testcase is pass]]>
  </system-out>
</testsuite> <!-- amazon_Test.Testcase4_wishlist -->
